[00:06:07] [Server thread/INFO]: AlfreMK lost connection: Disconnected
[00:06:07] [Server thread/INFO]: AlfreMK left the game
[00:06:11] [Server thread/INFO]: AlfreMK[/181.43.202.177:35640] logged in with entity id 842268 at (-20.660932947299393, 91.0, 80.01714655162925)
[00:06:11] [Server thread/INFO]: AlfreMK joined the game
[00:06:47] [Server thread/INFO]: Mustakrakish was shot by Skeleton
[00:08:28] [Server thread/INFO]: Mustakrakish has made the advancement [The Parrots and the Bats]
[00:08:34] [Server thread/INFO]: <AlfreMK> son pololos?
[00:08:47] [Server thread/INFO]: <Mustakrakish> O.o
[00:16:27] [Server thread/INFO]: <AlfreMK> donde estas
[00:16:40] [Server thread/INFO]: <Mustakrakish> ksa angel
[00:17:09] [Server thread/INFO]: <AlfreMK> cuando estes libre consigue glowstone
[00:17:14] [Server thread/INFO]: <AlfreMK> parece talla pero necesitamos
[00:17:31] [Server thread/INFO]: <AlfreMK> nos vemos
[00:17:39] [Server thread/INFO]: AlfreMK lost connection: Disconnected
[00:17:39] [Server thread/INFO]: AlfreMK left the game
[00:24:07] [Server thread/INFO]: AngelCastle28[/186.104.126.76:56389] logged in with entity id 846806 at (-198.0337155322526, 64.0, 141.16890937090113)
[00:24:07] [Server thread/INFO]: AngelCastle28 joined the game
[00:24:17] [Server thread/INFO]: <Mustakrakish> hi
[00:24:21] [Server thread/INFO]: <AngelCastle28> hola
[00:24:34] [Server thread/INFO]: AngelCastle28 has made the advancement [Cover Me with Diamonds]
[00:24:38] [Server thread/INFO]: <Mustakrakish> piola
[00:24:50] [Server thread/INFO]: <AngelCastle28> jajajaja algo tranqui
[00:24:59] [Server thread/INFO]: <AngelCastle28> ya tengo hartos aldeanos
[00:25:07] [Server thread/INFO]: <Mustakrakish> :o
[00:25:10] [Server thread/INFO]: <AngelCastle28> tengo uno que me da un libro con reparación
[00:25:23] [Server thread/INFO]: <Mustakrakish> eso esta roto
[00:28:09] [Server thread/INFO]: Mustakrakish lost connection: Disconnected
[00:28:09] [Server thread/INFO]: Mustakrakish left the game
[00:28:09] [Server thread/INFO]: <AngelCastle28> zzzz
[00:28:39] [Server thread/INFO]: Mustakrakish[/152.230.55.23:57728] logged in with entity id 848150 at (-34.57923574255111, 57.0, 83.68665257947333)
[00:28:39] [Server thread/INFO]: Mustakrakish joined the game
[00:31:30] [Server thread/INFO]: <AngelCastle28> como van tus aldeanos?
[00:31:59] [Server thread/INFO]: <Mustakrakish> el alfre no los vio
[00:32:08] [Server thread/INFO]: <Mustakrakish> asi q igual q como los deje
[00:32:35] [Server thread/INFO]: <AngelCastle28> maestro jsjsj brigido
[00:32:50] [Server thread/INFO]: <AngelCastle28> y que vas a hacer acá?
[00:33:01] [Server thread/INFO]: <Mustakrakish> expandir
[00:33:05] [Server thread/INFO]: <AngelCastle28> buenaa
[00:33:13] [Server thread/INFO]: <Mustakrakish> y dsp dejar x profesion
[00:33:29] [Server thread/INFO]: <Mustakrakish> o tal vez un lugar para que los granjeros planten
[00:33:35] [Server thread/INFO]: <Mustakrakish> ns
[00:33:54] [Server thread/INFO]: <AngelCastle28> se vuelven tus esclavos jsajjaja
[00:33:59] [Server thread/INFO]: <Mustakrakish> exacto
[00:42:24] [Server thread/INFO]: <AngelCastle28> zzzz
[00:42:25] [Server thread/INFO]: Mustakrakish lost connection: Disconnected
[00:42:25] [Server thread/INFO]: Mustakrakish left the game
[00:42:33] [Server thread/INFO]: Mustakrakish[/152.230.55.23:64836] logged in with entity id 851602 at (-22.745606284175548, 57.0, 89.69999998807907)
[00:42:33] [Server thread/INFO]: Mustakrakish joined the game
[00:49:08] [Server thread/INFO]: AngelCastle28 has made the advancement [Enchanter]
[00:49:18] [Server thread/INFO]: <AngelCastle28> caida de pluma 4
[00:49:21] [Server thread/INFO]: <AngelCastle28> SIUUUUUUUUUUUUU
[00:49:29] [Server thread/INFO]: <Mustakrakish> ldfkd
[00:49:33] [Server thread/INFO]: <Mustakrakish> ta bien
[00:49:39] [Server thread/INFO]: <AngelCastle28> si quieres encantar abajo de mi casa hay una mesa
[00:49:40] [Server thread/INFO]: <Mustakrakish> se viene el mamadisimo
[00:49:54] [Server thread/INFO]: <Mustakrakish> buen dato
[00:50:02] [Server thread/INFO]: <AngelCastle28> la del chovi tmb sirve
[00:50:11] [Server thread/INFO]: <AngelCastle28> pero no nos la ha ofrecido xd
[00:50:22] [Server thread/INFO]: <Mustakrakish> algun dia tendremos una
[00:50:29] [Server thread/INFO]: <Mustakrakish> XD
[00:51:14] [Server thread/INFO]: <AngelCastle28> ahora hare la granja de experiencia de zombies
[00:51:33] [Server thread/INFO]: <Mustakrakish> buena
[00:51:56] [Server thread/INFO]: <Mustakrakish> la idea es matarlos
[00:51:58] [Server thread/INFO]: <Mustakrakish> ?
[00:52:04] [Server thread/INFO]: <AngelCastle28> si, para que te den xp
[00:52:23] [Server thread/INFO]: <Mustakrakish> a pero me refiero q no es como esas torres
[00:52:29] [Server thread/INFO]: <Mustakrakish> donde caen mobs
[00:52:32] [Server thread/INFO]: <AngelCastle28> no, es con spawner
[00:52:39] [Server thread/INFO]: <Mustakrakish> capto
[00:52:58] [Server thread/INFO]: <AngelCastle28> zzzz
[00:52:59] [Server thread/INFO]: Mustakrakish lost connection: Disconnected
[00:52:59] [Server thread/INFO]: Mustakrakish left the game
[00:53:05] [Server thread/INFO]: Mustakrakish[/152.230.55.23:64861] logged in with entity id 854269 at (-36.75453735267564, 57.0, 96.29139720834472)
[00:53:05] [Server thread/INFO]: Mustakrakish joined the game
[01:38:24] [Server thread/INFO]: Turip_ip_ip_ip[/190.196.103.121:60710] logged in with entity id 862934 at (-3.4227185218727305, 39.0, 5.696007123202783)
[01:38:24] [Server thread/INFO]: Turip_ip_ip_ip joined the game
[01:38:38] [Server thread/INFO]: <AngelCastle28> hola
[01:38:39] [Server thread/INFO]: <Mustakrakish> hi
[01:38:47] [Server thread/INFO]: <Turip_ip_ip_ip> voy a hacer el backup
[01:38:53] [Server thread/INFO]: <Mustakrakish> a
[01:38:56] [Server thread/INFO]: <Mustakrakish> ok
[01:38:58] [Server thread/INFO]: <AngelCastle28> dale
[01:39:10] [Server thread/INFO]: Mustakrakish lost connection: Disconnected
[01:39:10] [Server thread/INFO]: Mustakrakish left the game
[01:39:18] [Server thread/INFO]: AngelCastle28 lost connection: Disconnected
[01:39:18] [Server thread/INFO]: AngelCastle28 left the game
[01:39:35] [Server thread/INFO]: Turip_ip_ip_ip lost connection: Disconnected
[01:39:35] [Server thread/INFO]: Turip_ip_ip_ip left the game
[01:42:51] [Server thread/INFO]: Unknown or incomplete command, see below for error
[01:42:51] [Server thread/INFO]: \stop<--[HERE]
[01:42:58] [Server thread/INFO]: Stopping the server
[01:42:58] [Server thread/INFO]: Stopping server
[01:42:58] [Server thread/INFO]: Saving players
[01:42:58] [Server thread/INFO]: Saving worlds
[01:43:00] [Server thread/INFO]: Saving chunks for level 'ServerLevel[world]'/minecraft:overworld
[01:43:01] [Server thread/INFO]: Saving chunks for level 'ServerLevel[world]'/minecraft:the_nether
[01:43:01] [Server thread/INFO]: Saving chunks for level 'ServerLevel[world]'/minecraft:the_end
[01:43:01] [Server thread/INFO]: ThreadedAnvilChunkStorage (world): All chunks are saved
[01:43:01] [Server thread/INFO]: ThreadedAnvilChunkStorage (DIM-1): All chunks are saved
[01:43:01] [Server thread/INFO]: ThreadedAnvilChunkStorage (DIM1): All chunks are saved
[01:43:01] [Server thread/INFO]: ThreadedAnvilChunkStorage: All dimensions are saved
